<?xml version="1.0" encoding="UTF-8"?>
<!-- Generated by org.testng.reporters.JUnitXMLReporter -->
<testsuite hostname="Acer-Aspire5" ignored="1" name="Test" tests="3" failures="0" timestamp="2021-11-09T15:37:34 IST" time="0.038" errors="0">
  <testcase name="test1" time="0.006" classname="com.cts.Grouping1"/>
  <testcase name="test2" time="0.001" classname="com.cts.Grouping1"/>
  <testcase name="test12" time="0.001" classname="com.cts.Grouping2"/>
  <testcase name="test11" time="0.0" classname="com.cts.Grouping2">
    <ignored/>
  </testcase> <!-- test11 -->
</testsuite> <!-- Test -->
