<?xml version="1.0" encoding="UTF-8"?>
<!-- Generated by org.testng.reporters.JUnitXMLReporter -->
<testsuite hostname="Acer-Aspire5" ignored="0" name="Test11" tests="3" failures="0" timestamp="2021-11-09T14:15:56 IST" time="0.039" errors="0">
  <testcase name="test11" time="0.007" classname="com.cts.ClassLevelExecution2"/>
  <testcase name="test12" time="0.001" classname="com.cts.ClassLevelExecution2"/>
  <testcase name="test13" time="0.001" classname="com.cts.ClassLevelExecution2"/>
</testsuite> <!-- Test11 -->
