<?xml version="1.0" encoding="UTF-8"?>
<!-- Generated by org.testng.reporters.JUnitXMLReporter -->
<testsuite hostname="Acer-Aspire5" ignored="0" name="Test2" tests="3" failures="0" timestamp="2021-11-09T14:18:32 IST" time="0.056" errors="0">
  <testcase name="test1" time="0.007" classname="com.cts.TestLevelExceution"/>
  <testcase name="test2" time="0.002" classname="com.cts.TestLevelExceution"/>
  <testcase name="test3" time="0.001" classname="com.cts.TestLevelExceution"/>
</testsuite> <!-- Test2 -->
